0 info it worked if it ends with ok
1 verbose cli [ '/usr/local/Cellar/node/6.6.0/bin/node',
1 verbose cli   '/usr/local/bin/npm',
1 verbose cli   'run',
1 verbose cli   'test' ]
2 info using npm@3.10.7
3 info using node@v6.6.0
4 verbose run-script [ 'pretest', 'test', 'posttest' ]
5 info lifecycle recipe-challenge@0.1.0~pretest: recipe-challenge@0.1.0
6 silly lifecycle recipe-challenge@0.1.0~pretest: no script for pretest, continuing
7 info lifecycle recipe-challenge@0.1.0~test: recipe-challenge@0.1.0
8 verbose lifecycle recipe-challenge@0.1.0~test: unsafe-perm in lifecycle true
9 verbose lifecycle recipe-challenge@0.1.0~test: PATH: /usr/local/lib/node_modules/npm/bin/node-gyp-bin:/Users/p.greig/Desktop/phoebe/recipe-challenge/recipe-challenge-client/node_modules/.bin:/usr/local/Cellar/node/6.6.0/bin:/Users/p.greig/.rvm/gems/ruby-2.3.0/bin:/Users/p.greig/.rvm/gems/ruby-2.3.0@global/bin:/Users/p.greig/.rvm/rubies/ruby-2.3.0/bin:/usr/local/git/bin:/usr/local/bin:/usr/bin:/bin:/usr/sbin:/sbin:/Users/p.greig/.rvm/bin
10 verbose lifecycle recipe-challenge@0.1.0~test: CWD: /Users/p.greig/Desktop/phoebe/recipe-challenge/recipe-challenge-client
11 silly lifecycle recipe-challenge@0.1.0~test: Args: [ '-c', 'react-scripts test --env=jsdom --coverage --watch' ]
12 silly lifecycle recipe-challenge@0.1.0~test: Returned: code: 1  signal: null
13 info lifecycle recipe-challenge@0.1.0~test: Failed to exec test script
14 verbose stack Error: recipe-challenge@0.1.0 test: `react-scripts test --env=jsdom --coverage --watch`
14 verbose stack Exit status 1
14 verbose stack     at EventEmitter.<anonymous> (/usr/local/lib/node_modules/npm/lib/utils/lifecycle.js:255:16)
14 verbose stack     at emitTwo (events.js:106:13)
14 verbose stack     at EventEmitter.emit (events.js:191:7)
14 verbose stack     at ChildProcess.<anonymous> (/usr/local/lib/node_modules/npm/lib/utils/spawn.js:40:14)
14 verbose stack     at emitTwo (events.js:106:13)
14 verbose stack     at ChildProcess.emit (events.js:191:7)
14 verbose stack     at maybeClose (internal/child_process.js:877:16)
14 verbose stack     at Process.ChildProcess._handle.onexit (internal/child_process.js:226:5)
15 verbose pkgid recipe-challenge@0.1.0
16 verbose cwd /Users/p.greig/Desktop/phoebe/recipe-challenge/recipe-challenge-client
17 error Darwin 15.6.0
18 error argv "/usr/local/Cellar/node/6.6.0/bin/node" "/usr/local/bin/npm" "run" "test"
19 error node v6.6.0
20 error npm  v3.10.7
21 error code ELIFECYCLE
22 error recipe-challenge@0.1.0 test: `react-scripts test --env=jsdom --coverage --watch`
22 error Exit status 1
23 error Failed at the recipe-challenge@0.1.0 test script 'react-scripts test --env=jsdom --coverage --watch'.
23 error Make sure you have the latest version of node.js and npm installed.
23 error If you do, this is most likely a problem with the recipe-challenge package,
23 error not with npm itself.
23 error Tell the author that this fails on your system:
23 error     react-scripts test --env=jsdom --coverage --watch
23 error You can get information on how to open an issue for this project with:
23 error     npm bugs recipe-challenge
23 error Or if that isn't available, you can get their info via:
23 error     npm owner ls recipe-challenge
23 error There is likely additional logging output above.
24 verbose exit [ 1, true ]
